<?xml version="1.0" encoding="UTF-8"?>
<testsuite name="Register at Practice form box" tests="1" skipped="0" failures="1" errors="0" timestamp="2021-07-09T16:31:31" hostname="SYNVENGEANCE" time="23.909">
  <properties/>
  <testcase name="fill each field of register with Excel data" classname="Register at Practice form box" time="23.909">
    <failure message="java.lang.AssertionError: &#10;Expected: equalToIgnoringCase(&quot;Thanks for submitting the for&quot;)&#10;     but: was Thanks for submitting the form" type="java.lang.AssertionError">java.lang.AssertionError: 
Expected: equalToIgnoringCase(&quot;Thanks for submitting the for&quot;)
     but: was Thanks for submitting the form
	at net.serenitybdd.screenplay.ErrorTally.throwSummaryExceptionFrom(ErrorTally.java:36)
	at net.serenitybdd.screenplay.ErrorTally.reportAnyErrors(ErrorTally.java:30)
	at net.serenitybdd.screenplay.Actor.should(Actor.java:301)
	at com.demoqa.automation.tasks.Validations.performAs(Validations.java:22)
	at com.demoqa.automation.tasks.Validations$$EnhancerByCGLIB$$4112c5df.CGLIB$performAs$0(&lt;generated&gt;)
	at com.demoqa.automation.tasks.Validations$$EnhancerByCGLIB$$4112c5df$$FastClassByCGLIB$$b5627b47.invoke(&lt;generated&gt;)
	at net.sf.cglib.proxy.MethodProxy.invokeSuper(MethodProxy.java:228)
	at net.thucydides.core.steps.StepInterceptor.invokeMethod(StepInterceptor.java:460)
	at net.thucydides.core.steps.StepInterceptor.executeTestStepMethod(StepInterceptor.java:445)
	at net.thucydides.core.steps.StepInterceptor.runTestStep(StepInterceptor.java:420)
	at net.thucydides.core.steps.StepInterceptor.runOrSkipMethod(StepInterceptor.java:175)
	at net.thucydides.core.steps.StepInterceptor.testStepResult(StepInterceptor.java:162)
	at net.thucydides.core.steps.StepInterceptor.intercept(StepInterceptor.java:68)
	at com.demoqa.automation.tasks.Validations$$EnhancerByCGLIB$$4112c5df.performAs(&lt;generated&gt;)
	at net.serenitybdd.screenplay.Actor.performTask(Actor.java:233)
	at net.serenitybdd.screenplay.Actor.perform(Actor.java:214)
	at net.serenitybdd.screenplay.Actor.attemptsTo(Actor.java:171)
	at com.demoqa.test.stepdefinitions.RegisterFormStepDefinitions.heShouldSeeItAMessageSuccesfulUsingExcel(RegisterFormStepDefinitions.java:53)
	at ✽.he should see it a message succesful using excel.(src/test/resources/features/register.feature:7)
</failure>
  </testcase>
  <system-out><![CDATA[La ruta de la imagen es : C:\Users\Dcris\IdeaProjects\RetoScreenPlayRegister\configEvidenciaSQA\screenshot_0_9 de julio de 2021.jpg
La ruta de la imagen es : C:\Users\Dcris\IdeaProjects\RetoScreenPlayRegister\configEvidenciaSQA\screenshot_1_9 de julio de 2021.jpg
La ruta de la imagen es : C:\Users\Dcris\IdeaProjects\RetoScreenPlayRegister\configEvidenciaSQA\screenshot_2_9 de julio de 2021.jpg
]]></system-out>
  <system-err><![CDATA[jul. 09, 2021 11:31:32 A. M. org.openqa.selenium.remote.DesiredCapabilities chrome
INFO: Using `new ChromeOptions()` is preferred to `DesiredCapabilities.chrome()`
[Test worker] INFO net.serenitybdd.core.webdriver.driverproviders.ProvideNewDriver - Instantiating driver
[Test worker] INFO net.serenitybdd.core.webdriver.driverproviders.ProvideNewDriver - Driver capabilities: Capabilities {acceptInsecureCerts: false, browserName: chrome, chrome.switches: --disable-popup-blocking,--..., goog:chromeOptions: {args: [--disable-popup-blocking, --incognito, --disable-download-notifica..., --start-maximized, --test-type, --ignore-certificate-errors, --allow-running-insecure-co..., --disable-translate, --always-authorize-plugins, --disable-extensions, --disable-dev-shm-usage], extensions: []}, loggingPrefs: org.openqa.selenium.logging..., platform: ANY, version: }
Starting ChromeDriver 91.0.4472.19 (1bf021f248676a0b2ab3ee0561d83a59e424c23e-refs/branch-heads/4472@{#288}) on port 46790
Only local connections are allowed.
Please see https://chromedriver.chromium.org/security-considerations for suggestions on keeping ChromeDriver safe.
ChromeDriver was started successfully.
jul. 09, 2021 11:31:34 A. M. org.openqa.selenium.remote.ProtocolHandshake createSession
INFO: Detected dialect: W3C
[Test worker] ERROR net.thucydides.core.steps.ConsoleLoggingListener - 
           __  _____ _____ ____ _____   _____ _    ___ _     _____ ____  
  _       / / |_   _| ____/ ___|_   _| |  ___/ \  |_ _| |   | ____|  _ \ 
 (_)_____| |    | | |  _| \___ \ | |   | |_ / _ \  | || |   |  _| | | | |
  _|_____| |    | | | |___ ___) || |   |  _/ ___ \ | || |___| |___| |_| |
 (_)     | |    |_| |_____|____/ |_|   |_|/_/   \_\___|_____|_____|____/ 
          \_\                                                            

TEST FAILED: fill each field of register with Excel data
--------------------------------------------------------------------------
[Test worker] ERROR net.thucydides.core.steps.ConsoleLoggingListener - TEST FAILED AT STEP Then get register question should be equalToIgnoringCase('Thanks for submitting the for')
[Test worker] ERROR net.thucydides.core.steps.ConsoleLoggingListener - Expected: equalToIgnoringCase("Thanks for submitting the for") but: was Thanks for submitting the form
]]></system-err>
</testsuite>
